<?xml version="1.0" encoding="UTF-8"?>
<!-- Generated by org.testng.reporters.JUnitReportReporter -->
<testsuite hostname="DESKTOP-O2QEGHC" failures="0" tests="1" name="tests.LoginTest" time="28.702" errors="0" timestamp="02 Feb 2022 18:18:09 GMT" skipped="0">
  <testcase classname="tests.LoginTest" name="testLogin" time="28.702"/>
</testsuite> <!-- tests.LoginTest -->
